<?xml version="1.0" encoding="UTF-8"?>
<testng-results ignored="0" total="1" passed="1" failed="0" skipped="0">
  <reporter-output>
  </reporter-output>
  <suite started-at="2024-02-29T09:55:06 CET" name="SuiteParams" finished-at="2024-02-29T09:55:14 CET" duration-ms="7724">
    <groups>
    </groups>
    <test started-at="2024-02-29T09:55:06 CET" name="Test Parameters" finished-at="2024-02-29T09:55:14 CET" duration-ms="7724">
      <class name="jenkins_integration.ErrorValidations">
        <test-method signature="errorVal()[pri:0, instance:jenkins_integration.ErrorValidations@72057ecf]" started-at="2024-02-29T09:55:06 CET" name="errorVal" finished-at="2024-02-29T09:55:14 CET" duration-ms="7544" status="PASS">
          <reporter-output>
          </reporter-output>
        </test-method> <!-- errorVal -->
        <test-method is-config="true" signature="tearDown()[pri:0, instance:jenkins_integration.ErrorValidations@72057ecf]" started-at="2024-02-29T09:55:14 CET" name="tearDown" finished-at="2024-02-29T09:55:14 CET" duration-ms="156" status="PASS">
          <reporter-output>
          </reporter-output>
        </test-method> <!-- tearDown -->
      </class> <!-- jenkins_integration.ErrorValidations -->
    </test> <!-- Test Parameters -->
  </suite> <!-- SuiteParams -->
</testng-results>
